<?xml version="1.0" encoding="UTF-8"?>
<!-- Generated by org.testng.reporters.JUnitXMLReporter -->
<testsuite ignored="10" hostname="NAG1-LHP-N66635" failures="0" tests="6" name="GhostLogin" time="530.355" errors="0" timestamp="2022-08-19T15:00:29 IST">
  <testcase classname="com.marketo.qa.Tests.FetchChampianCounts" name="ChampiensCount" time="237.968"/>
  <testcase classname="com.marketo.qa.Tests.FetchDesignStudioData" name="TakeRequiredCount" time="100.131"/>
  <testcase classname="com.marketo.qa.Tests.FetchAdminDatas" name="VerifyCountAndScreenshor" time="49.115"/>
  <testcase classname="com.marketo.qa.Tests.FetchModelsCount" name="ModelCount" time="90.549"/>
  <testcase classname="com.marketo.qa.Tests.FetchLeadsCount" name="CollectLeadsCount" time="35.821"/>
  <testcase classname="com.marketo.qa.Tests.FetchDataFromChangeScore" name="VerifyChangeScoreCount" time="9.841"/>
  <testcase classname="com.marketo.qa.base.TestBase" name="@BeforeTest initialization" time="0.0">
    <ignored/>
  </testcase> <!-- @BeforeTest initialization -->
  <testcase classname="com.marketo.qa.base.TestBase" name="@BeforeTest initialization" time="0.0">
    <ignored/>
  </testcase> <!-- @BeforeTest initialization -->
  <testcase classname="com.marketo.qa.base.TestBase" name="@BeforeTest initialization" time="0.0">
    <ignored/>
  </testcase> <!-- @BeforeTest initialization -->
  <testcase classname="com.marketo.qa.base.TestBase" name="@BeforeTest initialization" time="0.0">
    <ignored/>
  </testcase> <!-- @BeforeTest initialization -->
  <testcase classname="com.marketo.qa.base.TestBase" name="@BeforeTest initialization" time="0.0">
    <ignored/>
  </testcase> <!-- @BeforeTest initialization -->
  <testcase classname="com.marketo.qa.base.TestBase" name="@AfterSuite CloseBrowser" time="0.0">
    <ignored/>
  </testcase> <!-- @AfterSuite CloseBrowser -->
  <testcase classname="com.marketo.qa.base.TestBase" name="@AfterSuite CloseBrowser" time="0.0">
    <ignored/>
  </testcase> <!-- @AfterSuite CloseBrowser -->
  <testcase classname="com.marketo.qa.base.TestBase" name="@AfterSuite CloseBrowser" time="0.0">
    <ignored/>
  </testcase> <!-- @AfterSuite CloseBrowser -->
  <testcase classname="com.marketo.qa.base.TestBase" name="@AfterSuite CloseBrowser" time="0.0">
    <ignored/>
  </testcase> <!-- @AfterSuite CloseBrowser -->
  <testcase classname="com.marketo.qa.base.TestBase" name="@AfterSuite CloseBrowser" time="0.0">
    <ignored/>
  </testcase> <!-- @AfterSuite CloseBrowser -->
</testsuite> <!-- GhostLogin -->
