<?xml version="1.0" encoding="UTF-8"?>
<!-- Generated by org.testng.reporters.JUnitXMLReporter -->
<testsuite ignored="3" hostname="DEL1-LHP-N72048" failures="0" tests="0" time="0.001" errors="0" timestamp="2022-08-17T14:14:41 IST">
  <testcase classname="com.marketo.qa.Tests.FetchModelsCount" name="ModelCount" time="0.0">
    <ignored/>
  </testcase> <!-- ModelCount -->
  <testcase classname="com.marketo.qa.Tests.FetchLeadsCount" name="CollectLeadsCount" time="0.0">
    <ignored/>
  </testcase> <!-- CollectLeadsCount -->
  <testcase classname="com.marketo.qa.Tests.FetchDesignStudioData" name="TakeRequiredCount" time="0.0">
    <ignored/>
  </testcase> <!-- TakeRequiredCount -->
</testsuite>
