<?xml version="1.0" encoding="UTF-8"?>
<!-- Generated by org.testng.reporters.JUnitXMLReporter -->
<testsuite ignored="8" hostname="DEL1-LHP-N72048" failures="0" tests="5" name="QELogin" time="441.171" errors="0" timestamp="2022-08-18T12:35:18 IST">
  <testcase classname="com.marketo.qa.Tests.FetchAdminDatas" name="VerifyCountAndScreenshor" time="70.738"/>
  <testcase classname="com.marketo.qa.Tests.FetchModelsCount" name="ModelCount" time="116.571"/>
  <testcase classname="com.marketo.qa.Tests.FetchLeadsCount" name="CollectLeadsCount" time="63.213"/>
  <testcase classname="com.marketo.qa.Tests.FetchDesignStudioData" name="TakeRequiredCount" time="141.393"/>
  <testcase classname="com.marketo.qa.Tests.FetchDataFromChangeScore" name="VerifyChangeScoreCount" time="38.266"/>
  <testcase classname="com.marketo.qa.base.TestBase" name="@BeforeTest initialization" time="0.0">
    <ignored/>
  </testcase> <!-- @BeforeTest initialization -->
  <testcase classname="com.marketo.qa.base.TestBase" name="@BeforeTest initialization" time="0.0">
    <ignored/>
  </testcase> <!-- @BeforeTest initialization -->
  <testcase classname="com.marketo.qa.base.TestBase" name="@BeforeTest initialization" time="0.0">
    <ignored/>
  </testcase> <!-- @BeforeTest initialization -->
  <testcase classname="com.marketo.qa.base.TestBase" name="@BeforeTest initialization" time="0.0">
    <ignored/>
  </testcase> <!-- @BeforeTest initialization -->
  <testcase classname="com.marketo.qa.base.TestBase" name="@AfterTest CloseBrowser" time="0.0">
    <ignored/>
  </testcase> <!-- @AfterTest CloseBrowser -->
  <testcase classname="com.marketo.qa.base.TestBase" name="@AfterTest CloseBrowser" time="0.0">
    <ignored/>
  </testcase> <!-- @AfterTest CloseBrowser -->
  <testcase classname="com.marketo.qa.base.TestBase" name="@AfterTest CloseBrowser" time="0.0">
    <ignored/>
  </testcase> <!-- @AfterTest CloseBrowser -->
  <testcase classname="com.marketo.qa.base.TestBase" name="@AfterTest CloseBrowser" time="0.0">
    <ignored/>
  </testcase> <!-- @AfterTest CloseBrowser -->
</testsuite> <!-- QELogin -->
