<?xml version="1.0" encoding="UTF-8"?>
<!-- Generated by org.testng.reporters.JUnitXMLReporter -->
<testsuite ignored="8" hostname="DEL1-LHP-N72048" failures="0" tests="5" name="QELogin" time="466.848" errors="0" timestamp="2022-08-17T16:08:28 IST">
  <testcase classname="com.marketo.qa.Tests.FetchAdminDatas" name="VerifyCountAndScreenshor" time="78.952"/>
  <testcase classname="com.marketo.qa.Tests.FetchModelsCount" name="ModelCount" time="119.046"/>
  <testcase classname="com.marketo.qa.Tests.FetchLeadsCount" name="CollectLeadsCount" time="64.385"/>
  <testcase classname="com.marketo.qa.Tests.FetchDesignStudioData" name="TakeRequiredCount" time="141.863"/>
  <testcase classname="com.marketo.qa.Tests.FetchDataFromChangeScore" name="VerifyChangeScoreCount" time="46.902"/>
  <testcase classname="com.marketo.qa.base.TestBase" name="@BeforeTest initialization" time="0.0">
    <ignored/>
  </testcase> <!-- @BeforeTest initialization -->
  <testcase classname="com.marketo.qa.base.TestBase" name="@BeforeTest initialization" time="0.0">
    <ignored/>
  </testcase> <!-- @BeforeTest initialization -->
  <testcase classname="com.marketo.qa.base.TestBase" name="@BeforeTest initialization" time="0.0">
    <ignored/>
  </testcase> <!-- @BeforeTest initialization -->
  <testcase classname="com.marketo.qa.base.TestBase" name="@BeforeTest initialization" time="0.0">
    <ignored/>
  </testcase> <!-- @BeforeTest initialization -->
  <testcase classname="com.marketo.qa.base.TestBase" name="@AfterTest CloseBrowser" time="0.0">
    <ignored/>
  </testcase> <!-- @AfterTest CloseBrowser -->
  <testcase classname="com.marketo.qa.base.TestBase" name="@AfterTest CloseBrowser" time="0.0">
    <ignored/>
  </testcase> <!-- @AfterTest CloseBrowser -->
  <testcase classname="com.marketo.qa.base.TestBase" name="@AfterTest CloseBrowser" time="0.0">
    <ignored/>
  </testcase> <!-- @AfterTest CloseBrowser -->
  <testcase classname="com.marketo.qa.base.TestBase" name="@AfterTest CloseBrowser" time="0.0">
    <ignored/>
  </testcase> <!-- @AfterTest CloseBrowser -->
</testsuite> <!-- QELogin -->
