<?xml version="1.0" encoding="UTF-8"?>
<!-- Generated by org.testng.reporters.JUnitXMLReporter -->
<testsuite ignored="24" hostname="NAG1-LHP-N66635" failures="0" tests="7" name="Test" time="88.949" errors="0" timestamp="2022-10-04T13:04:27 IST">
  <testcase classname="com.marketo.qa.base.TestBase" name="@BeforeTest initialization" time="88.871">
    <failure type="java.lang.AssertionError" message="expected [true] but found [false]">
      <![CDATA[java.lang.AssertionError: expected [true] but found [false]
at com.marketo.qa.Pages.GhostLoginPage.GhostLogin(GhostLoginPage.java:146)
at com.marketo.qa.base.TestBase.GhostLogin(TestBase.java:94)
at com.marketo.qa.base.TestBase.initialization(TestBase.java:83)
... Removed 26 stack frames]]>
    </failure>
  </testcase> <!-- @BeforeTest initialization -->
  <testcase classname="com.marketo.qa.base.TestBase" name="@AfterTest BackToMyMarketo" time="-1.664868867944E9">
    <skipped/>
  </testcase> <!-- @AfterTest BackToMyMarketo -->
  <testcase classname="com.marketo.qa.Tests.FetchCampaignCounts" name="CampaignsCount" time="0.0">
    <skipped/>
  </testcase> <!-- CampaignsCount -->
  <testcase classname="com.marketo.qa.Tests.FetchAdminDatas" name="VerifyCountAndScreenshot" time="0.0">
    <skipped/>
  </testcase> <!-- VerifyCountAndScreenshot -->
  <testcase classname="com.marketo.qa.Tests.FetchModelsCount" name="ModelCount" time="0.0">
    <skipped/>
  </testcase> <!-- ModelCount -->
  <testcase classname="com.marketo.qa.Tests.FetchNuture_EventCount" name="ChampiensCount" time="0.0">
    <skipped/>
  </testcase> <!-- ChampiensCount -->
  <testcase classname="com.marketo.qa.Tests.FetchLeadsCount" name="CollectLeadsCount" time="0.0">
    <skipped/>
  </testcase> <!-- CollectLeadsCount -->
  <testcase classname="com.marketo.qa.Tests.FetchDesignStudioData" name="TakeRequiredCount" time="0.0">
    <skipped/>
  </testcase> <!-- TakeRequiredCount -->
  <testcase classname="com.marketo.qa.Tests.FetchDataFromChangeScore" name="VerifyChangeScoreCount" time="0.0">
    <skipped/>
  </testcase> <!-- VerifyChangeScoreCount -->
  <testcase classname="com.marketo.qa.base.TestBase" name="@BeforeSuite clearScreenshots" time="0.0">
    <ignored/>
  </testcase> <!-- @BeforeSuite clearScreenshots -->
  <testcase classname="com.marketo.qa.base.TestBase" name="@BeforeSuite clearScreenshots" time="0.0">
    <ignored/>
  </testcase> <!-- @BeforeSuite clearScreenshots -->
  <testcase classname="com.marketo.qa.base.TestBase" name="@BeforeSuite clearScreenshots" time="0.0">
    <ignored/>
  </testcase> <!-- @BeforeSuite clearScreenshots -->
  <testcase classname="com.marketo.qa.base.TestBase" name="@BeforeSuite clearScreenshots" time="0.0">
    <ignored/>
  </testcase> <!-- @BeforeSuite clearScreenshots -->
  <testcase classname="com.marketo.qa.base.TestBase" name="@BeforeSuite clearScreenshots" time="0.0">
    <ignored/>
  </testcase> <!-- @BeforeSuite clearScreenshots -->
  <testcase classname="com.marketo.qa.base.TestBase" name="@BeforeSuite clearScreenshots" time="0.0">
    <ignored/>
  </testcase> <!-- @BeforeSuite clearScreenshots -->
  <testcase classname="com.marketo.qa.base.TestBase" name="@AfterTest BackToMyMarketo" time="0.0">
    <ignored/>
  </testcase> <!-- @AfterTest BackToMyMarketo -->
  <testcase classname="com.marketo.qa.base.TestBase" name="@AfterTest BackToMyMarketo" time="0.0">
    <ignored/>
  </testcase> <!-- @AfterTest BackToMyMarketo -->
  <testcase classname="com.marketo.qa.base.TestBase" name="@AfterTest BackToMyMarketo" time="0.0">
    <ignored/>
  </testcase> <!-- @AfterTest BackToMyMarketo -->
  <testcase classname="com.marketo.qa.base.TestBase" name="@AfterTest BackToMyMarketo" time="0.0">
    <ignored/>
  </testcase> <!-- @AfterTest BackToMyMarketo -->
  <testcase classname="com.marketo.qa.base.TestBase" name="@AfterTest BackToMyMarketo" time="0.0">
    <ignored/>
  </testcase> <!-- @AfterTest BackToMyMarketo -->
  <testcase classname="com.marketo.qa.base.TestBase" name="@AfterTest BackToMyMarketo" time="0.0">
    <ignored/>
  </testcase> <!-- @AfterTest BackToMyMarketo -->
  <testcase classname="com.marketo.qa.base.TestBase" name="@BeforeTest initialization" time="0.0">
    <ignored/>
  </testcase> <!-- @BeforeTest initialization -->
  <testcase classname="com.marketo.qa.base.TestBase" name="@BeforeTest initialization" time="0.0">
    <ignored/>
  </testcase> <!-- @BeforeTest initialization -->
  <testcase classname="com.marketo.qa.base.TestBase" name="@BeforeTest initialization" time="0.0">
    <ignored/>
  </testcase> <!-- @BeforeTest initialization -->
  <testcase classname="com.marketo.qa.base.TestBase" name="@BeforeTest initialization" time="0.0">
    <ignored/>
  </testcase> <!-- @BeforeTest initialization -->
  <testcase classname="com.marketo.qa.base.TestBase" name="@BeforeTest initialization" time="0.0">
    <ignored/>
  </testcase> <!-- @BeforeTest initialization -->
  <testcase classname="com.marketo.qa.base.TestBase" name="@BeforeTest initialization" time="0.0">
    <ignored/>
  </testcase> <!-- @BeforeTest initialization -->
  <testcase classname="com.marketo.qa.base.TestBase" name="@AfterSuite teardown" time="0.0">
    <ignored/>
  </testcase> <!-- @AfterSuite teardown -->
  <testcase classname="com.marketo.qa.base.TestBase" name="@AfterSuite teardown" time="0.0">
    <ignored/>
  </testcase> <!-- @AfterSuite teardown -->
  <testcase classname="com.marketo.qa.base.TestBase" name="@AfterSuite teardown" time="0.0">
    <ignored/>
  </testcase> <!-- @AfterSuite teardown -->
  <testcase classname="com.marketo.qa.base.TestBase" name="@AfterSuite teardown" time="0.0">
    <ignored/>
  </testcase> <!-- @AfterSuite teardown -->
  <testcase classname="com.marketo.qa.base.TestBase" name="@AfterSuite teardown" time="0.0">
    <ignored/>
  </testcase> <!-- @AfterSuite teardown -->
  <testcase classname="com.marketo.qa.base.TestBase" name="@AfterSuite teardown" time="0.0">
    <ignored/>
  </testcase> <!-- @AfterSuite teardown -->
</testsuite> <!-- Test -->
