<?xml version="1.0" encoding="UTF-8"?>
<!-- Generated by org.testng.reporters.JUnitXMLReporter -->
<testsuite ignored="20" hostname="NAG1-LHP-N66635" failures="1" tests="10" name="Test" time="1237.377" errors="0" timestamp="2022-10-12T15:34:20 IST">
  <testcase classname="com.marketo.qa.Tests.FetchCampaignCounts" name="CampaignsCount" time="266.107"/>
  <testcase classname="com.marketo.qa.Tests.FetchAdminDatas" name="VerifyCountAndScreenshot" time="56.428"/>
  <testcase classname="com.marketo.qa.Tests.FetchModelsCount" name="ModelCount" time="146.019"/>
  <testcase classname="com.marketo.qa.Tests.FetchNuture_EventCount" name="ChampiensCount" time="160.273"/>
  <testcase classname="com.marketo.qa.Tests.FetchLeadsCount" name="CollectLeadsCount" time="231.239"/>
  <testcase classname="com.marketo.qa.Tests.FetchDesignStudioData" name="TakeRequiredCount" time="168.606">
    <skipped/>
  </testcase> <!-- TakeRequiredCount -->
  <testcase classname="com.marketo.qa.Tests.FetchDesignStudioData" name="TakeRequiredCount" time="44.708">
    <skipped/>
  </testcase> <!-- TakeRequiredCount -->
  <testcase classname="com.marketo.qa.Tests.FetchDesignStudioData" name="TakeRequiredCount" time="44.574">
    <skipped/>
  </testcase> <!-- TakeRequiredCount -->
  <testcase classname="com.marketo.qa.Tests.FetchDesignStudioData" name="TakeRequiredCount" time="44.491">
    <skipped/>
  </testcase> <!-- TakeRequiredCount -->
  <testcase classname="com.marketo.qa.Tests.FetchDesignStudioData" name="TakeRequiredCount" time="44.483">
    <failure type="java.lang.AssertionError" message="The following asserts failed:
	ACT-SS Workspace is not available expected [true] but found [false],
	.Customer Support New Hire Workspace Workspace is not available expected [true] but found [false]">
      <![CDATA[java.lang.AssertionError: The following asserts failed:
ACT-SS Workspace is not available expected [true] but found [false],
.Customer Support New Hire Workspace Workspace is not available expected [true] but found [false]
at com.marketo.qa.Pages.DesignStudioPage.SpecificWorkspaceRequiredCount(DesignStudioPage.java:333)
at com.marketo.qa.Tests.FetchDesignStudioData.TakeRequiredCount(FetchDesignStudioData.java:36)
at java.base/java.util.ArrayList.forEach(ArrayList.java:1511)
... Removed 27 stack frames]]>
    </failure>
  </testcase> <!-- TakeRequiredCount -->
  <testcase classname="com.marketo.qa.base.TestBase" name="@BeforeSuite clearScreenshots" time="0.0">
    <ignored/>
  </testcase> <!-- @BeforeSuite clearScreenshots -->
  <testcase classname="com.marketo.qa.base.TestBase" name="@BeforeSuite clearScreenshots" time="0.0">
    <ignored/>
  </testcase> <!-- @BeforeSuite clearScreenshots -->
  <testcase classname="com.marketo.qa.base.TestBase" name="@BeforeSuite clearScreenshots" time="0.0">
    <ignored/>
  </testcase> <!-- @BeforeSuite clearScreenshots -->
  <testcase classname="com.marketo.qa.base.TestBase" name="@BeforeSuite clearScreenshots" time="0.0">
    <ignored/>
  </testcase> <!-- @BeforeSuite clearScreenshots -->
  <testcase classname="com.marketo.qa.base.TestBase" name="@BeforeSuite clearScreenshots" time="0.0">
    <ignored/>
  </testcase> <!-- @BeforeSuite clearScreenshots -->
  <testcase classname="com.marketo.qa.base.TestBase" name="@AfterTest BackToMyMarketo" time="0.0">
    <ignored/>
  </testcase> <!-- @AfterTest BackToMyMarketo -->
  <testcase classname="com.marketo.qa.base.TestBase" name="@AfterTest BackToMyMarketo" time="0.0">
    <ignored/>
  </testcase> <!-- @AfterTest BackToMyMarketo -->
  <testcase classname="com.marketo.qa.base.TestBase" name="@AfterTest BackToMyMarketo" time="0.0">
    <ignored/>
  </testcase> <!-- @AfterTest BackToMyMarketo -->
  <testcase classname="com.marketo.qa.base.TestBase" name="@AfterTest BackToMyMarketo" time="0.0">
    <ignored/>
  </testcase> <!-- @AfterTest BackToMyMarketo -->
  <testcase classname="com.marketo.qa.base.TestBase" name="@AfterTest BackToMyMarketo" time="0.0">
    <ignored/>
  </testcase> <!-- @AfterTest BackToMyMarketo -->
  <testcase classname="com.marketo.qa.base.TestBase" name="@BeforeTest initialization" time="0.0">
    <ignored/>
  </testcase> <!-- @BeforeTest initialization -->
  <testcase classname="com.marketo.qa.base.TestBase" name="@BeforeTest initialization" time="0.0">
    <ignored/>
  </testcase> <!-- @BeforeTest initialization -->
  <testcase classname="com.marketo.qa.base.TestBase" name="@BeforeTest initialization" time="0.0">
    <ignored/>
  </testcase> <!-- @BeforeTest initialization -->
  <testcase classname="com.marketo.qa.base.TestBase" name="@BeforeTest initialization" time="0.0">
    <ignored/>
  </testcase> <!-- @BeforeTest initialization -->
  <testcase classname="com.marketo.qa.base.TestBase" name="@BeforeTest initialization" time="0.0">
    <ignored/>
  </testcase> <!-- @BeforeTest initialization -->
  <testcase classname="com.marketo.qa.base.TestBase" name="@AfterSuite teardown" time="0.0">
    <ignored/>
  </testcase> <!-- @AfterSuite teardown -->
  <testcase classname="com.marketo.qa.base.TestBase" name="@AfterSuite teardown" time="0.0">
    <ignored/>
  </testcase> <!-- @AfterSuite teardown -->
  <testcase classname="com.marketo.qa.base.TestBase" name="@AfterSuite teardown" time="0.0">
    <ignored/>
  </testcase> <!-- @AfterSuite teardown -->
  <testcase classname="com.marketo.qa.base.TestBase" name="@AfterSuite teardown" time="0.0">
    <ignored/>
  </testcase> <!-- @AfterSuite teardown -->
  <testcase classname="com.marketo.qa.base.TestBase" name="@AfterSuite teardown" time="0.0">
    <ignored/>
  </testcase> <!-- @AfterSuite teardown -->
</testsuite> <!-- Test -->
