<?xml version="1.0" encoding="UTF-8"?>
<!-- Generated by org.testng.reporters.JUnitXMLReporter -->
<testsuite ignored="15" hostname="NAG1-LHP-N66635" failures="0" tests="6" name="Command line test" time="533.61" errors="0" timestamp="2022-08-22T15:46:24 IST">
  <testcase classname="com.marketo.qa.Tests.FetchChampianCounts" name="ChampiensCount" time="226.434"/>
  <testcase classname="com.marketo.qa.Tests.FetchDesignStudioData" name="TakeRequiredCount" time="102.301"/>
  <testcase classname="com.marketo.qa.Tests.FetchAdminDatas" name="VerifyCountAndScreenshor" time="50.644"/>
  <testcase classname="com.marketo.qa.Tests.FetchModelsCount" name="ModelCount" time="90.808"/>
  <testcase classname="com.marketo.qa.Tests.FetchLeadsCount" name="CollectLeadsCount" time="36.764"/>
  <testcase classname="com.marketo.qa.Tests.FetchDataFromChangeScore" name="VerifyChangeScoreCount" time="11.663"/>
  <testcase classname="com.marketo.qa.base.TestBase" name="@AfterTest CloseBrowser" time="0.0">
    <ignored/>
  </testcase> <!-- @AfterTest CloseBrowser -->
  <testcase classname="com.marketo.qa.base.TestBase" name="@AfterTest CloseBrowser" time="0.0">
    <ignored/>
  </testcase> <!-- @AfterTest CloseBrowser -->
  <testcase classname="com.marketo.qa.base.TestBase" name="@AfterTest CloseBrowser" time="0.0">
    <ignored/>
  </testcase> <!-- @AfterTest CloseBrowser -->
  <testcase classname="com.marketo.qa.base.TestBase" name="@AfterTest CloseBrowser" time="0.0">
    <ignored/>
  </testcase> <!-- @AfterTest CloseBrowser -->
  <testcase classname="com.marketo.qa.base.TestBase" name="@AfterTest CloseBrowser" time="0.0">
    <ignored/>
  </testcase> <!-- @AfterTest CloseBrowser -->
  <testcase classname="com.marketo.qa.base.TestBase" name="@BeforeTest initialization" time="0.0">
    <ignored/>
  </testcase> <!-- @BeforeTest initialization -->
  <testcase classname="com.marketo.qa.base.TestBase" name="@BeforeTest initialization" time="0.0">
    <ignored/>
  </testcase> <!-- @BeforeTest initialization -->
  <testcase classname="com.marketo.qa.base.TestBase" name="@BeforeTest initialization" time="0.0">
    <ignored/>
  </testcase> <!-- @BeforeTest initialization -->
  <testcase classname="com.marketo.qa.base.TestBase" name="@BeforeTest initialization" time="0.0">
    <ignored/>
  </testcase> <!-- @BeforeTest initialization -->
  <testcase classname="com.marketo.qa.base.TestBase" name="@BeforeTest initialization" time="0.0">
    <ignored/>
  </testcase> <!-- @BeforeTest initialization -->
  <testcase classname="com.marketo.qa.base.TestBase" name="@AfterSuite GenerateReport" time="0.0">
    <ignored/>
  </testcase> <!-- @AfterSuite GenerateReport -->
  <testcase classname="com.marketo.qa.base.TestBase" name="@AfterSuite GenerateReport" time="0.0">
    <ignored/>
  </testcase> <!-- @AfterSuite GenerateReport -->
  <testcase classname="com.marketo.qa.base.TestBase" name="@AfterSuite GenerateReport" time="0.0">
    <ignored/>
  </testcase> <!-- @AfterSuite GenerateReport -->
  <testcase classname="com.marketo.qa.base.TestBase" name="@AfterSuite GenerateReport" time="0.0">
    <ignored/>
  </testcase> <!-- @AfterSuite GenerateReport -->
  <testcase classname="com.marketo.qa.base.TestBase" name="@AfterSuite GenerateReport" time="0.0">
    <ignored/>
  </testcase> <!-- @AfterSuite GenerateReport -->
</testsuite> <!-- Command line test -->
