<?xml version="1.0" encoding="UTF-8"?>
<testng-results ignored="0" total="1" passed="1" failed="0" skipped="0">
  <reporter-output>
    <line>
      <![CDATA[Login Succsessfully]]>
    </line>
  </reporter-output>
  <suite started-at="2022-08-16T10:07:54 IST" name="Default suite" finished-at="2022-08-16T10:09:26 IST" duration-ms="91564">
    <groups>
    </groups>
    <test started-at="2022-08-16T10:07:54 IST" name="Default test" finished-at="2022-08-16T10:09:26 IST" duration-ms="91564">
      <class name="com.marketo.qa.Tests.FetchAdminDatas">
        <test-method is-config="true" signature="initialization()[pri:0, instance:com.marketo.qa.Tests.FetchAdminDatas@46cdf8bd]" started-at="2022-08-16T10:07:40 IST" name="initialization" finished-at="2022-08-16T10:07:54 IST" duration-ms="14239" status="PASS">
          <reporter-output>
          </reporter-output>
        </test-method> <!-- initialization -->
        <test-method signature="VerifyCountAndScreenshor()[pri:0, instance:com.marketo.qa.Tests.FetchAdminDatas@46cdf8bd]" started-at="2022-08-16T10:07:54 IST" name="VerifyCountAndScreenshor" finished-at="2022-08-16T10:09:26 IST" duration-ms="91540" status="PASS">
          <reporter-output>
            <line>
              <![CDATA[Login Succsessfully]]>
            </line>
          </reporter-output>
        </test-method> <!-- VerifyCountAndScreenshor -->
      </class> <!-- com.marketo.qa.Tests.FetchAdminDatas -->
    </test> <!-- Default test -->
  </suite> <!-- Default suite -->
</testng-results>
